<?xml version="1.0" encoding="UTF-8"?>
<testsuite name="com.kjs.demo.ChatApplicationTests" tests="1" skipped="0" failures="0" errors="0" timestamp="2020-10-15T13:04:31" hostname="DESKTOP-MILF343" time="0.147">
  <properties/>
  <testcase name="contextLoads()" classname="com.kjs.demo.ChatApplicationTests" time="0.147"/>
  <system-out><![CDATA[22:04:30.662 [Test worker] DEBUG org.springframework.test.context.BootstrapUtils - Instantiating CacheAwareContextLoaderDelegate from class [org.springframework.test.context.cache.DefaultCacheAwareContextLoaderDelegate]
22:04:30.672 [Test worker] DEBUG org.springframework.test.context.BootstrapUtils - Instantiating BootstrapContext using constructor [public org.springframework.test.context.support.DefaultBootstrapContext(java.lang.Class,org.springframework.test.context.CacheAwareContextLoaderDelegate)]
22:04:30.691 [Test worker] DEBUG org.springframework.test.context.BootstrapUtils - Instantiating TestContextBootstrapper for test class [com.kjs.demo.ChatApplicationTests] from class [org.springframework.boot.test.context.SpringBootTestContextBootstrapper]
22:04:30.702 [Test worker] INFO org.springframework.boot.test.context.SpringBootTestContextBootstrapper - Neither @ContextConfiguration nor @ContextHierarchy found for test class [com.kjs.demo.ChatApplicationTests], using SpringBootContextLoader
22:04:30.705 [Test worker] DEBUG org.springframework.test.context.support.AbstractContextLoader - Did not detect default resource location for test class [com.kjs.demo.ChatApplicationTests]: class path resource [com/kjs/demo/ChatApplicationTests-context.xml] does not exist
22:04:30.705 [Test worker] DEBUG org.springframework.test.context.support.AbstractContextLoader - Did not detect default resource location for test class [com.kjs.demo.ChatApplicationTests]: class path resource [com/kjs/demo/ChatApplicationTestsContext.groovy] does not exist
22:04:30.705 [Test worker] INFO org.springframework.test.context.support.AbstractContextLoader - Could not detect default resource locations for test class [com.kjs.demo.ChatApplicationTests]: no resource found for suffixes {-context.xml, Context.groovy}.
22:04:30.706 [Test worker] INFO org.springframework.test.context.support.AnnotationConfigContextLoaderUtils - Could not detect default configuration classes for test class [com.kjs.demo.ChatApplicationTests]: ChatApplicationTests does not declare any static, non-private, non-final, nested classes annotated with @Configuration.
22:04:30.735 [Test worker] DEBUG org.springframework.test.context.support.ActiveProfilesUtils - Could not find an 'annotation declaring class' for annotation type [org.springframework.test.context.ActiveProfiles] and class [com.kjs.demo.ChatApplicationTests]
22:04:30.781 [Test worker] DEBUG org.springframework.context.annotation.ClassPathScanningCandidateComponentProvider - Identified candidate component class: file [D:\jinseok\works\intellij_2\vue-project\spring\chat\build\classes\java\main\com\kjs\demo\ChatApplication.class]
22:04:30.783 [Test worker] INFO org.springframework.boot.test.context.SpringBootTestContextBootstrapper - Found @SpringBootConfiguration com.kjs.demo.ChatApplication for test class com.kjs.demo.ChatApplicationTests
22:04:30.864 [Test worker] DEBUG org.springframework.boot.test.context.SpringBootTestContextBootstrapper - @TestExecutionListeners is not present for class [com.kjs.demo.ChatApplicationTests]: using defaults.
22:04:30.865 [Test worker] INFO org.springframework.boot.test.context.SpringBootTestContextBootstrapper - Loaded default TestExecutionListener class names from location [META-INF/spring.factories]: [org.springframework.boot.test.autoconfigure.restdocs.RestDocsTestExecutionListener, org.springframework.boot.test.autoconfigure.web.client.MockRestServiceServerResetTestExecutionListener, org.springframework.boot.test.autoconfigure.web.servlet.MockMvcPrintOnlyOnFailureTestExecutionListener, org.springframework.boot.test.autoconfigure.web.servlet.WebDriverTestExecutionListener, org.springframework.boot.test.autoconfigure.webservices.client.MockWebServiceServerTestExecutionListener, org.springframework.boot.test.mock.mockito.MockitoTestExecutionListener, org.springframework.boot.test.mock.mockito.ResetMocksTestExecutionListener, org.springframework.test.context.web.ServletTestExecutionListener, org.springframework.test.context.support.DirtiesContextBeforeModesTestExecutionListener, org.springframework.test.context.support.DependencyInjectionTestExecutionListener, org.springframework.test.context.support.DirtiesContextTestExecutionListener, org.springframework.test.context.transaction.TransactionalTestExecutionListener, org.springframework.test.context.jdbc.SqlScriptsTestExecutionListener, org.springframework.test.context.event.EventPublishingTestExecutionListener]
22:04:30.873 [Test worker] DEBUG org.springframework.boot.test.context.SpringBootTestContextBootstrapper - Skipping candidate TestExecutionListener [org.springframework.test.context.transaction.TransactionalTestExecutionListener] due to a missing dependency. Specify custom listener classes or make the default listener classes and their required dependencies available. Offending class: [org/springframework/transaction/interceptor/TransactionAttributeSource]
22:04:30.873 [Test worker] DEBUG org.springframework.boot.test.context.SpringBootTestContextBootstrapper - Skipping candidate TestExecutionListener [org.springframework.test.context.jdbc.SqlScriptsTestExecutionListener] due to a missing dependency. Specify custom listener classes or make the default listener classes and their required dependencies available. Offending class: [org/springframework/transaction/interceptor/TransactionAttribute]
22:04:30.873 [Test worker] INFO org.springframework.boot.test.context.SpringBootTestContextBootstrapper - Using TestExecutionListeners: [org.springframework.test.context.web.ServletTestExecutionListener@47478f07, org.springframework.test.context.support.DirtiesContextBeforeModesTestExecutionListener@d6c9e4b, org.springframework.boot.test.mock.mockito.MockitoTestExecutionListener@369421c8, org.springframework.boot.test.autoconfigure.SpringBootDependencyInjectionTestExecutionListener@10e89ea3, org.springframework.test.context.support.DirtiesContextTestExecutionListener@6bac140e, org.springframework.test.context.event.EventPublishingTestExecutionListener@25b41f6, org.springframework.boot.test.autoconfigure.restdocs.RestDocsTestExecutionListener@15d6ba14, org.springframework.boot.test.autoconfigure.web.client.MockRestServiceServerResetTestExecutionListener@419f238b, org.springframework.boot.test.autoconfigure.web.servlet.MockMvcPrintOnlyOnFailureTestExecutionListener@4a9843d2, org.springframework.boot.test.autoconfigure.web.servlet.WebDriverTestExecutionListener@1214ef86, org.springframework.boot.test.autoconfigure.webservices.client.MockWebServiceServerTestExecutionListener@32b2e1ca, org.springframework.boot.test.mock.mockito.ResetMocksTestExecutionListener@a891f6c]
22:04:30.876 [Test worker] DEBUG org.springframework.test.context.support.AbstractDirtiesContextTestExecutionListener - Before test class: context [DefaultTestContext@7ed347ef testClass = ChatApplicationTests, testInstance = [null], testMethod = [null], testException = [null], mergedContextConfiguration = [WebMergedContextConfiguration@63e7e8c3 testClass = ChatApplicationTests, locations = '{}', classes = '{class com.kjs.demo.ChatApplication}', contextInitializerClasses = '[]', activeProfiles = '{}', propertySourceLocations = '{}', propertySourceProperties = '{org.springframework.boot.test.context.SpringBootTestContextBootstrapper=true}', contextCustomizers = set[org.springframework.boot.test.autoconfigure.properties.PropertyMappingContextCustomizer@0, org.springframework.boot.test.autoconfigure.web.servlet.WebDriverContextCustomizerFactory$Customizer@7bd4f5f4, org.springframework.boot.test.context.filter.ExcludeFilterContextCustomizer@6a76a417, org.springframework.boot.test.json.DuplicateJsonObjectContextCustomizerFactory$DuplicateJsonObjectContextCustomizer@5cc54328, org.springframework.boot.test.mock.mockito.MockitoContextCustomizer@0, org.springframework.boot.test.web.client.TestRestTemplateContextCustomizer@1338b89e, org.springframework.boot.test.context.SpringBootTestArgs@1], resourceBasePath = 'src/main/webapp', contextLoader = 'org.springframework.boot.test.context.SpringBootContextLoader', parent = [null]], attributes = map['org.springframework.test.context.web.ServletTestExecutionListener.activateListener' -> true]], class annotated with @DirtiesContext [false] with mode [null].
22:04:30.895 [Test worker] DEBUG org.springframework.test.context.support.TestPropertySourceUtils - Adding inlined properties to environment: {spring.jmx.enabled=false, org.springframework.boot.test.context.SpringBootTestContextBootstrapper=true}

  .   ____          _            __ _ _
 /\\ / ___'_ __ _ _(_)_ __  __ _ \ \ \ \
( ( )\___ | '_ | '_| | '_ \/ _` | \ \ \ \
 \\/  ___)| |_)| | | | | || (_| |  ) ) ) )
  '  |____| .__|_| |_|_| |_\__, | / / / /
 =========|_|==============|___/=/_/_/_/
 :: Spring Boot ::        (v2.3.4.RELEASE)

2020-10-15 22:04:31.103  INFO 25840 --- [    Test worker] com.kjs.demo.ChatApplicationTests        : Starting ChatApplicationTests on DESKTOP-MILF343 with PID 25840 (started by USER in D:\jinseok\works\intellij_2\vue-project\spring\chat)
2020-10-15 22:04:31.104  INFO 25840 --- [    Test worker] com.kjs.demo.ChatApplicationTests        : No active profile set, falling back to default profiles: default
2020-10-15 22:04:31.794  INFO 25840 --- [    Test worker] o.s.s.concurrent.ThreadPoolTaskExecutor  : Initializing ExecutorService 'applicationTaskExecutor'
2020-10-15 22:04:31.961  INFO 25840 --- [    Test worker] com.kjs.demo.ChatApplicationTests        : Started ChatApplicationTests in 1.059 seconds (JVM running for 2.264)
]]></system-out>
  <system-err><![CDATA[]]></system-err>
</testsuite>
